<?xml version="1.0" encoding="UTF-8"?>
<!-- Generated by org.testng.reporters.JUnitReportReporter -->
<testsuite hostname="RamSakhi" name="com.amazon.pages.HyperLinkTest" tests="1" failures="0" timestamp="7 Mar 2017 18:27:26 GMT" time="487.629" errors="0">
  <testcase name="linkCheck" time="487.629" classname="com.amazon.pages.HyperLinkTest"/>
</testsuite> <!-- com.amazon.pages.HyperLinkTest -->
