<?xml version="1.0" encoding="UTF-8"?>
<!-- Generated by org.testng.reporters.JUnitReportReporter -->
<testsuite hostname="RamSakhi" name="com.amazon.tests.LoginAmazonTest" tests="2" failures="0" timestamp="7 Mar 2017 18:46:29 GMT" time="9.439" errors="0">
  <testcase name="LogIn" time="6.524" classname="com.amazon.tests.LoginAmazonTest"/>
  <testcase name="ClickSignIn" time="2.915" classname="com.amazon.tests.LoginAmazonTest"/>
</testsuite> <!-- com.amazon.tests.LoginAmazonTest -->
