<?xml version="1.0" encoding="UTF-8"?>
<!-- Generated by org.testng.reporters.JUnitReportReporter -->
<testsuite hostname="RamSakhi" name="com.amazon.pages.ClearHistoryTest" tests="1" failures="0" timestamp="7 Mar 2017 00:29:28 GMT" time="0.011" errors="0">
  <testcase name="checkHistory" time="0.011" classname="com.amazon.pages.ClearHistoryTest"/>
</testsuite> <!-- com.amazon.pages.ClearHistoryTest -->
