<?xml version="1.0" encoding="UTF-8"?>
<!-- Generated by org.testng.reporters.JUnitReportReporter -->
<testsuite hostname="RamSakhi" name="com.amazon.pages.ProductSelectionTest" tests="6" failures="0" timestamp="7 Mar 2017 00:17:26 GMT" time="16.060" errors="0">
  <testcase name="verifyProductTitle" time="0.120" classname="com.amazon.pages.ProductSelectionTest"/>
  <testcase name="addToCart" time="2.622" classname="com.amazon.pages.ProductSelectionTest"/>
  <testcase name="productPage" time="8.091" classname="com.amazon.pages.ProductSelectionTest"/>
  <testcase name="emptyCart" time="3.986" classname="com.amazon.pages.ProductSelectionTest"/>
  <testcase name="checkOut" time="0.004" classname="com.amazon.pages.ProductSelectionTest"/>
  <testcase name="selectQty" time="1.237" classname="com.amazon.pages.ProductSelectionTest"/>
</testsuite> <!-- com.amazon.pages.ProductSelectionTest -->
