<?xml version="1.0" encoding="UTF-8"?>
<!-- Generated by org.testng.reporters.JUnitReportReporter -->
<testsuite hostname="RamSakhi" name="com.amazon.testcases.AmazonSignInTest" tests="2" failures="0" timestamp="1 Mar 2017 20:46:00 GMT" time="8.666" errors="0">
  <testcase name="ClickSignIn" time="2.730" classname="com.amazon.testcases.AmazonSignInTest"/>
  <testcase name="LogIn" time="5.936" classname="com.amazon.testcases.AmazonSignInTest"/>
</testsuite> <!-- com.amazon.testcases.AmazonSignInTest -->
