<?xml version="1.0" encoding="UTF-8"?>
<!-- Generated by org.testng.reporters.JUnitReportReporter -->
<testsuite hostname="RamSakhi" name="com.amazon.pages.LoginAmazon" tests="2" failures="0" timestamp="6 Mar 2017 18:00:56 GMT" time="12.963" errors="0">
  <testcase name="LogIn" time="11.692" classname="com.amazon.pages.LoginAmazon"/>
  <testcase name="ClickSignIn" time="1.271" classname="com.amazon.pages.LoginAmazon"/>
</testsuite> <!-- com.amazon.pages.LoginAmazon -->
