<?xml version="1.0" encoding="UTF-8"?>
<!-- Generated by org.testng.reporters.JUnitReportReporter -->
<testsuite hostname="RamSakhi" name="com.amazon.testcases.URLTest" tests="2" failures="0" timestamp="1 Mar 2017 18:13:25 GMT" time="7.317" errors="0">
  <testcase name="ClickSignIn" time="6.390" classname="com.amazon.testcases.URLTest"/>
  <testcase name="LogIn" time="0.927" classname="com.amazon.testcases.URLTest"/>
</testsuite> <!-- com.amazon.testcases.URLTest -->
